<?xml version="1.0" encoding="UTF-8"?>
<testsuite xmlns:xsi="http://www.w3.org/2001/XMLSchema-instance" xsi:noNamespaceSchemaLocation="https://maven.apache.org/surefire/maven-surefire-plugin/xsd/surefire-test-report-3.0.xsd" version="3.0" name="TestSuite" time="24.572" tests="1" errors="0" skipped="0" failures="0">
  <properties>
[...]
</properties>
  <testcase name="validLoginTC" classname="Tests.TC01_LoginTest" time="1.625">
    <system-out><![CDATA[[INFO] 22-04-2025 21:23:13 [main] [Tests.TC01_LoginTest.setUp(TC01_LoginTest.java:35)] - chrome is opened
[INFO] 22-04-2025 21:23:14 [main] [Tests.TC01_LoginTest.setUp(TC01_LoginTest.java:37)] - The page redirect to the URL
[INFO] 22-04-2025 21:23:14 [main] [Listeners.ITestResultListenerClass.onTestStart(ITestResultListenerClass.java:9)] - Test Case: validLoginTC Started
]]></system-out>
    <system-err><![CDATA[Apr 22, 2025 9:23:08 PM org.openqa.selenium.devtools.CdpVersionFinder findNearestMatch
WARNING: Unable to find CDP implementation matching 135
Apr 22, 2025 9:23:08 PM org.openqa.selenium.chromium.ChromiumDriver lambda$new$5
WARNING: Unable to find version of CDP to use for 135.0.7049.96. You may need to include a dependency on a specific version of the CDP using something similar to `org.seleniumhq.selenium:selenium-devtools-v86:4.22.0` where the version ("v86") matches the version of the chromium-based browser you're using and the version number of the artifact is the same as Selenium's.
]]></system-err>
  </testcase>
</testsuite>