<?xml version="1.0" encoding="UTF-8"?>
<testsuite xmlns:xsi="http://www.w3.org/2001/XMLSchema-instance" xsi:noNamespaceSchemaLocation="https://maven.apache.org/surefire/maven-surefire-plugin/xsd/surefire-test-report-3.0.xsd" version="3.0" name="TestSuite" time="135.293" tests="8" errors="0" skipped="0" failures="0">
  <properties>
[...]
</properties>
  <testcase name="validLoginTC" classname="Tests.TC01_LoginTest" time="1.523">
    <system-out><![CDATA[[INFO] 02-05-2025 20:09:26 [main] [Tests.TC01_LoginTest.setUp(TC01_LoginTest.java:35)] - edge is opened
[INFO] 02-05-2025 20:09:28 [main] [Tests.TC01_LoginTest.setUp(TC01_LoginTest.java:37)] - The page redirect to the URL
[INFO] 02-05-2025 20:09:29 [main] [Listeners.ITestResultListenerClass.onTestStart(ITestResultListenerClass.java:9)] - Test Case: validLoginTC Started
]]></system-out>
    <system-err><![CDATA[May 02, 2025 8:09:23 PM org.openqa.selenium.devtools.CdpVersionFinder findNearestMatch
WARNING: Unable to find CDP implementation matching 135
May 02, 2025 8:09:23 PM org.openqa.selenium.chromium.ChromiumDriver lambda$new$5
WARNING: Unable to find version of CDP to use for 135.0.3179.98. You may need to include a dependency on a specific version of the CDP using something similar to `org.seleniumhq.selenium:selenium-devtools-v86:4.22.0` where the version ("v86") matches the version of the chromium-based browser you're using and the version number of the artifact is the same as Selenium's.
]]></system-err>
  </testcase>
  <testcase name="addingRandomProductsToCartTC" classname="Tests.TC02_LandingTest" time="0.97">
    <system-out><![CDATA[[INFO] 02-05-2025 20:09:30 [main] [Listeners.ITestResultListenerClass.onTestSuccess(ITestResultListenerClass.java:13)] - Test Case: validLoginTC Passed
[INFO] 02-05-2025 20:09:38 [main] [Tests.TC02_LandingTest.loginCookie(TC02_LandingTest.java:38)] - edge is opened
[INFO] 02-05-2025 20:09:40 [main] [Tests.TC02_LandingTest.loginCookie(TC02_LandingTest.java:40)] - The page redirect to the URL
[INFO] 02-05-2025 20:09:48 [main] [Tests.TC02_LandingTest.setUp(TC02_LandingTest.java:56)] - edge is opened
[INFO] 02-05-2025 20:09:51 [main] [Tests.TC02_LandingTest.setUp(TC02_LandingTest.java:58)] - The page redirect to the URL
[INFO] 02-05-2025 20:09:52 [main] [Listeners.ITestResultListenerClass.onTestStart(ITestResultListenerClass.java:9)] - Test Case: addingRandomProductsToCartTC Started
[INFO] 02-05-2025 20:09:52 [main] [Pages.P02_LandingPage.addRandomProducts(P02_LandingPage.java:74)] - random Number: 1
[INFO] 02-05-2025 20:09:53 [main] [Pages.P02_LandingPage.addRandomProducts(P02_LandingPage.java:74)] - random Number: 3
[INFO] 02-05-2025 20:09:53 [main] [Pages.P02_LandingPage.addRandomProducts(P02_LandingPage.java:74)] - random Number: 4
[INFO] 02-05-2025 20:09:53 [main] [Pages.P02_LandingPage.getNumberOfProductsOnCartIcon(P02_LandingPage.java:44)] - NumberOfProductsOnCartIcon: 3
[INFO] 02-05-2025 20:09:53 [main] [Pages.P02_LandingPage.getNumberOfSelectedProducts(P02_LandingPage.java:57)] - NumberOfSelectedProducts: 3
]]></system-out>
    <system-err><![CDATA[May 02, 2025 8:09:38 PM org.openqa.selenium.devtools.CdpVersionFinder findNearestMatch
WARNING: Unable to find CDP implementation matching 135
May 02, 2025 8:09:38 PM org.openqa.selenium.chromium.ChromiumDriver lambda$new$5
WARNING: Unable to find version of CDP to use for 135.0.3179.98. You may need to include a dependency on a specific version of the CDP using something similar to `org.seleniumhq.selenium:selenium-devtools-v86:4.22.0` where the version ("v86") matches the version of the chromium-based browser you're using and the version number of the artifact is the same as Selenium's.
May 02, 2025 8:09:48 PM org.openqa.selenium.devtools.CdpVersionFinder findNearestMatch
WARNING: Unable to find CDP implementation matching 135
May 02, 2025 8:09:48 PM org.openqa.selenium.chromium.ChromiumDriver lambda$new$5
WARNING: Unable to find version of CDP to use for 135.0.3179.98. You may need to include a dependency on a specific version of the CDP using something similar to `org.seleniumhq.selenium:selenium-devtools-v86:4.22.0` where the version ("v86") matches the version of the chromium-based browser you're using and the version number of the artifact is the same as Selenium's.
]]></system-err>
  </testcase>
  <testcase name="checkingNumberOfSelectedProductsTC" classname="Tests.TC02_LandingTest" time="1.318">
    <system-out><![CDATA[[INFO] 02-05-2025 20:09:53 [main] [Listeners.ITestResultListenerClass.onTestSuccess(ITestResultListenerClass.java:13)] - Test Case: addingRandomProductsToCartTC Passed
[INFO] 02-05-2025 20:10:00 [main] [Tests.TC02_LandingTest.setUp(TC02_LandingTest.java:56)] - edge is opened
[INFO] 02-05-2025 20:10:04 [main] [Tests.TC02_LandingTest.setUp(TC02_LandingTest.java:58)] - The page redirect to the URL
[INFO] 02-05-2025 20:10:05 [main] [Listeners.ITestResultListenerClass.onTestStart(ITestResultListenerClass.java:9)] - Test Case: checkingNumberOfSelectedProductsTC Started
[INFO] 02-05-2025 20:10:05 [main] [Pages.P02_LandingPage.addAllProductsToCart(P02_LandingPage.java:33)] - Number Of All Products: 6
[INFO] 02-05-2025 20:10:06 [main] [Pages.P02_LandingPage.getNumberOfProductsOnCartIcon(P02_LandingPage.java:44)] - NumberOfProductsOnCartIcon: 6
[INFO] 02-05-2025 20:10:06 [main] [Pages.P02_LandingPage.getNumberOfSelectedProducts(P02_LandingPage.java:57)] - NumberOfSelectedProducts: 6
]]></system-out>
    <system-err><![CDATA[May 02, 2025 8:10:00 PM org.openqa.selenium.devtools.CdpVersionFinder findNearestMatch
WARNING: Unable to find CDP implementation matching 135
May 02, 2025 8:10:00 PM org.openqa.selenium.chromium.ChromiumDriver lambda$new$5
WARNING: Unable to find version of CDP to use for 135.0.3179.98. You may need to include a dependency on a specific version of the CDP using something similar to `org.seleniumhq.selenium:selenium-devtools-v86:4.22.0` where the version ("v86") matches the version of the chromium-based browser you're using and the version number of the artifact is the same as Selenium's.
]]></system-err>
  </testcase>
  <testcase name="clickOnCartIconTC" classname="Tests.TC02_LandingTest" time="0.72">
    <system-out><![CDATA[[INFO] 02-05-2025 20:10:06 [main] [Listeners.ITestResultListenerClass.onTestSuccess(ITestResultListenerClass.java:13)] - Test Case: checkingNumberOfSelectedProductsTC Passed
[INFO] 02-05-2025 20:10:14 [main] [Tests.TC02_LandingTest.setUp(TC02_LandingTest.java:56)] - edge is opened
[INFO] 02-05-2025 20:10:17 [main] [Tests.TC02_LandingTest.setUp(TC02_LandingTest.java:58)] - The page redirect to the URL
[INFO] 02-05-2025 20:10:18 [main] [Listeners.ITestResultListenerClass.onTestStart(ITestResultListenerClass.java:9)] - Test Case: clickOnCartIconTC Started
[INFO] 02-05-2025 20:10:18 [main] [Pages.P02_LandingPage.addRandomProducts(P02_LandingPage.java:74)] - random Number: 3
[INFO] 02-05-2025 20:10:19 [main] [Pages.P02_LandingPage.addRandomProducts(P02_LandingPage.java:74)] - random Number: 4
]]></system-out>
    <system-err><![CDATA[May 02, 2025 8:10:14 PM org.openqa.selenium.devtools.CdpVersionFinder findNearestMatch
WARNING: Unable to find CDP implementation matching 135
May 02, 2025 8:10:14 PM org.openqa.selenium.chromium.ChromiumDriver lambda$new$5
WARNING: Unable to find version of CDP to use for 135.0.3179.98. You may need to include a dependency on a specific version of the CDP using something similar to `org.seleniumhq.selenium:selenium-devtools-v86:4.22.0` where the version ("v86") matches the version of the chromium-based browser you're using and the version number of the artifact is the same as Selenium's.
]]></system-err>
  </testcase>
  <testcase name="comparingPricesTC" classname="Tests.TC03_CartTest" time="1.873">
    <system-out><![CDATA[[INFO] 02-05-2025 20:10:19 [main] [Listeners.ITestResultListenerClass.onTestSuccess(ITestResultListenerClass.java:13)] - Test Case: clickOnCartIconTC Passed
[INFO] 02-05-2025 20:10:26 [main] [Tests.TC03_CartTest.setUp(TC03_CartTest.java:35)] - edge is opened
[INFO] 02-05-2025 20:10:29 [main] [Tests.TC03_CartTest.setUp(TC03_CartTest.java:37)] - The page redirect to the URL
[INFO] 02-05-2025 20:10:29 [main] [Listeners.ITestResultListenerClass.onTestStart(ITestResultListenerClass.java:9)] - Test Case: comparingPricesTC Started
[INFO] 02-05-2025 20:10:30 [main] [Pages.P02_LandingPage.addRandomProducts(P02_LandingPage.java:74)] - random Number: 4
[INFO] 02-05-2025 20:10:30 [main] [Pages.P02_LandingPage.addRandomProducts(P02_LandingPage.java:74)] - random Number: 6
[INFO] 02-05-2025 20:10:31 [main] [Pages.P02_LandingPage.getTotalPriceOfSelectedProducts(P02_LandingPage.java:97)] - Total price: 65.98
[INFO] 02-05-2025 20:10:31 [main] [Pages.P03_CartPage.getTotalPrice(P03_CartPage.java:30)] - Total price: 65.98
]]></system-out>
    <system-err><![CDATA[May 02, 2025 8:10:26 PM org.openqa.selenium.devtools.CdpVersionFinder findNearestMatch
WARNING: Unable to find CDP implementation matching 135
May 02, 2025 8:10:26 PM org.openqa.selenium.chromium.ChromiumDriver lambda$new$5
WARNING: Unable to find version of CDP to use for 135.0.3179.98. You may need to include a dependency on a specific version of the CDP using something similar to `org.seleniumhq.selenium:selenium-devtools-v86:4.22.0` where the version ("v86") matches the version of the chromium-based browser you're using and the version number of the artifact is the same as Selenium's.
]]></system-err>
  </testcase>
  <testcase name="checkoutStepOneTC" classname="Tests.TC04_CheckoutTest" time="2.731">
    <system-out><![CDATA[[INFO] 02-05-2025 20:10:31 [main] [Listeners.ITestResultListenerClass.onTestSuccess(ITestResultListenerClass.java:13)] - Test Case: comparingPricesTC Passed
[INFO] 02-05-2025 20:10:39 [main] [Tests.TC04_CheckoutTest.setUp(TC04_CheckoutTest.java:43)] - edge is opened
[INFO] 02-05-2025 20:10:42 [main] [Tests.TC04_CheckoutTest.setUp(TC04_CheckoutTest.java:45)] - The page redirect to the URL
[INFO] 02-05-2025 20:10:42 [main] [Listeners.ITestResultListenerClass.onTestStart(ITestResultListenerClass.java:9)] - Test Case: checkoutStepOneTC Started
[INFO] 02-05-2025 20:10:43 [main] [Pages.P02_LandingPage.addRandomProducts(P02_LandingPage.java:74)] - random Number: 1
[INFO] 02-05-2025 20:10:43 [main] [Pages.P02_LandingPage.addRandomProducts(P02_LandingPage.java:74)] - random Number: 4
[INFO] 02-05-2025 20:10:44 [main] [Pages.P04_CheckoutPage.fillingInformationForm(P04_CheckoutPage.java:26)] - FIRSTNAME: fTest-2025-05-02-8-9-06PM
[INFO] 02-05-2025 20:10:45 [main] [Pages.P04_CheckoutPage.fillingInformationForm(P04_CheckoutPage.java:28)] - LASTNAME: lTest-2025-05-02-8-9-06PM
[INFO] 02-05-2025 20:10:45 [main] [Pages.P04_CheckoutPage.fillingInformationForm(P04_CheckoutPage.java:30)] - ZIPCODE: 35300
]]></system-out>
    <system-err><![CDATA[May 02, 2025 8:10:39 PM org.openqa.selenium.devtools.CdpVersionFinder findNearestMatch
WARNING: Unable to find CDP implementation matching 135
May 02, 2025 8:10:39 PM org.openqa.selenium.chromium.ChromiumDriver lambda$new$5
WARNING: Unable to find version of CDP to use for 135.0.3179.98. You may need to include a dependency on a specific version of the CDP using something similar to `org.seleniumhq.selenium:selenium-devtools-v86:4.22.0` where the version ("v86") matches the version of the chromium-based browser you're using and the version number of the artifact is the same as Selenium's.
]]></system-err>
  </testcase>
  <testcase name="checkoutStepOneTC" classname="Tests.TC05_OverviewTest" time="3.152">
    <system-out><![CDATA[[INFO] 02-05-2025 20:10:45 [main] [Listeners.ITestResultListenerClass.onTestSuccess(ITestResultListenerClass.java:13)] - Test Case: checkoutStepOneTC Passed
[INFO] 02-05-2025 20:10:52 [main] [Tests.TC05_OverviewTest.setUp(TC05_OverviewTest.java:39)] - edge is opened
[INFO] 02-05-2025 20:10:56 [main] [Tests.TC05_OverviewTest.setUp(TC05_OverviewTest.java:41)] - The page redirect to the URL
[INFO] 02-05-2025 20:10:56 [main] [Listeners.ITestResultListenerClass.onTestStart(ITestResultListenerClass.java:9)] - Test Case: checkoutStepOneTC Started
[INFO] 02-05-2025 20:10:57 [main] [Pages.P02_LandingPage.addRandomProducts(P02_LandingPage.java:74)] - random Number: 2
[INFO] 02-05-2025 20:10:57 [main] [Pages.P02_LandingPage.addRandomProducts(P02_LandingPage.java:74)] - random Number: 4
[INFO] 02-05-2025 20:10:58 [main] [Pages.P04_CheckoutPage.fillingInformationForm(P04_CheckoutPage.java:26)] - FIRSTNAME: fTest-2025-05-02-8-9-06PM
[INFO] 02-05-2025 20:10:58 [main] [Pages.P04_CheckoutPage.fillingInformationForm(P04_CheckoutPage.java:28)] - LASTNAME: lTest-2025-05-02-8-9-06PM
[INFO] 02-05-2025 20:10:58 [main] [Pages.P04_CheckoutPage.fillingInformationForm(P04_CheckoutPage.java:30)] - ZIPCODE: 55555
[INFO] 02-05-2025 20:10:59 [main] [Pages.P05_OverviewPage.getTotal(P05_OverviewPage.java:34)] - Actual Total price: Total: $64.78
[INFO] 02-05-2025 20:10:59 [main] [Pages.P05_OverviewPage.calculateTotalPrice(P05_OverviewPage.java:40)] - Calculated Total price: 64.78
]]></system-out>
    <system-err><![CDATA[May 02, 2025 8:10:52 PM org.openqa.selenium.devtools.CdpVersionFinder findNearestMatch
WARNING: Unable to find CDP implementation matching 135
May 02, 2025 8:10:52 PM org.openqa.selenium.chromium.ChromiumDriver lambda$new$5
WARNING: Unable to find version of CDP to use for 135.0.3179.98. You may need to include a dependency on a specific version of the CDP using something similar to `org.seleniumhq.selenium:selenium-devtools-v86:4.22.0` where the version ("v86") matches the version of the chromium-based browser you're using and the version number of the artifact is the same as Selenium's.
]]></system-err>
  </testcase>
  <testcase name="finishOrderTC" classname="Tests.TC06_FinishingOrderTest" time="3.441">
    <system-out><![CDATA[[INFO] 02-05-2025 20:10:59 [main] [Listeners.ITestResultListenerClass.onTestSuccess(ITestResultListenerClass.java:13)] - Test Case: checkoutStepOneTC Passed
[INFO] 02-05-2025 20:11:06 [main] [Tests.TC06_FinishingOrderTest.setUp(TC06_FinishingOrderTest.java:39)] - edge is opened
[INFO] 02-05-2025 20:11:10 [main] [Tests.TC06_FinishingOrderTest.setUp(TC06_FinishingOrderTest.java:41)] - The page redirect to the URL
[INFO] 02-05-2025 20:11:10 [main] [Listeners.ITestResultListenerClass.onTestStart(ITestResultListenerClass.java:9)] - Test Case: finishOrderTC Started
[INFO] 02-05-2025 20:11:11 [main] [Pages.P02_LandingPage.addRandomProducts(P02_LandingPage.java:74)] - random Number: 3
[INFO] 02-05-2025 20:11:11 [main] [Pages.P02_LandingPage.addRandomProducts(P02_LandingPage.java:74)] - random Number: 4
[INFO] 02-05-2025 20:11:12 [main] [Pages.P04_CheckoutPage.fillingInformationForm(P04_CheckoutPage.java:26)] - FIRSTNAME: fTest-2025-05-02-8-9-06PM
[INFO] 02-05-2025 20:11:13 [main] [Pages.P04_CheckoutPage.fillingInformationForm(P04_CheckoutPage.java:28)] - LASTNAME: lTest-2025-05-02-8-9-06PM
[INFO] 02-05-2025 20:11:13 [main] [Pages.P04_CheckoutPage.fillingInformationForm(P04_CheckoutPage.java:30)] - ZIPCODE: 78487
]]></system-out>
    <system-err><![CDATA[May 02, 2025 8:11:06 PM org.openqa.selenium.devtools.CdpVersionFinder findNearestMatch
WARNING: Unable to find CDP implementation matching 135
May 02, 2025 8:11:06 PM org.openqa.selenium.chromium.ChromiumDriver lambda$new$5
WARNING: Unable to find version of CDP to use for 135.0.3179.98. You may need to include a dependency on a specific version of the CDP using something similar to `org.seleniumhq.selenium:selenium-devtools-v86:4.22.0` where the version ("v86") matches the version of the chromium-based browser you're using and the version number of the artifact is the same as Selenium's.
]]></system-err>
  </testcase>
</testsuite>