<?xml version="1.0" encoding="UTF-8"?>
<!-- Generated by org.testng.reporters.JUnitXMLReporter -->
<testsuite ignored="0" hostname="DESKTOP-0EAD1UU" failures="0" tests="8" name="Regression Test" time="129.843" errors="0" timestamp="2025-05-02T20:11:16 EEST">
  <testcase classname="Tests.TC01_LoginTest" name="validLoginTC" time="1.426"/>
  <testcase classname="Tests.TC02_LandingTest" name="addingRandomProductsToCartTC" time="1.027"/>
  <testcase classname="Tests.TC02_LandingTest" name="checkingNumberOfSelectedProductsTC" time="1.298"/>
  <testcase classname="Tests.TC02_LandingTest" name="clickOnCartIconTC" time="0.698"/>
  <testcase classname="Tests.TC03_CartTest" name="comparingPricesTC" time="1.832"/>
  <testcase classname="Tests.TC04_CheckoutTest" name="checkoutStepOneTC" time="2.673"/>
  <testcase classname="Tests.TC05_OverviewTest" name="checkoutStepOneTC" time="3.131"/>
  <testcase classname="Tests.TC06_FinishingOrderTest" name="finishOrderTC" time="3.372"/>
</testsuite> <!-- Regression Test -->
