# JRE version: Java(TM) SE Runtime Environment (17.0.11+7) (build 17.0.11+7-LTS-207)
# Java VM: Java HotSpot(TM) 64-Bit Server VM (17.0.11+7-LTS-207, mixed mode, sharing, tiered, compressed oops, compressed class ptrs, g1 gc, windows-amd64)
GC Precious Log:
 CPUs: 4 total, 4 available
 Memory: 7374M
 Large Page Support: Disabled
 NUMA Support: Disabled
 Compressed Oops: Enabled (32-bit)
 Heap Region Size: 1M
 Heap Min Capacity: 8M
 Heap Initial Capacity: 116M
 Heap Max Capacity: 1844M
 Pre-touch: Disabled
 Parallel Workers: 4
 Concurrent Workers: 1
 Concurrent Refinement Workers: 4
 Periodic GC: Disabled
Heap:
 garbage-first heap   total 116736K, used 54784K [0x000000008cc00000, 0x0000000100000000)
  region size 1024K, 24 young (24576K), 7 survivors (7168K)
 Metaspace       used 29412K, committed 29760K, reserved 1114112K
  class space    used 3265K, committed 3456K, reserved 1048576K
GC Heap History (16 events):
Event: 1.006 GC heap before
{Heap before GC invocations=0 (full 0):
 garbage-first heap   total 118784K, used 12288K [0x000000008cc00000, 0x0000000100000000)
  region size 1024K, 13 young (13312K), 0 survivors (0K)
 Metaspace       used 3105K, committed 3264K, reserved 1114112K
  class space    used 268K, committed 320K, reserved 1048576K
}
Event: 1.014 GC heap after
{Heap after GC invocations=1 (full 0):
 garbage-first heap   total 118784K, used 6058K [0x000000008cc00000, 0x0000000100000000)
  region size 1024K, 2 young (2048K), 2 survivors (2048K)
 Metaspace       used 3105K, committed 3264K, reserved 1114112K
  class space    used 268K, committed 320K, reserved 1048576K
}
Event: 1.741 GC heap before
{Heap before GC invocations=1 (full 0):
 garbage-first heap   total 118784K, used 17322K [0x000000008cc00000, 0x0000000100000000)
  region size 1024K, 14 young (14336K), 2 survivors (2048K)
 Metaspace       used 5949K, committed 6016K, reserved 1114112K
  class space    used 543K, committed 576K, reserved 1048576K
}
Event: 1.748 GC heap after
{Heap after GC invocations=2 (full 0):
 garbage-first heap   total 118784K, used 7229K [0x000000008cc00000, 0x0000000100000000)
  region size 1024K, 2 young (2048K), 2 survivors (2048K)
 Metaspace       used 5949K, committed 6016K, reserved 1114112K
  class space    used 543K, committed 576K, reserved 1048576K
}
Event: 3.015 GC heap before
{Heap before GC invocations=2 (full 0):
 garbage-first heap   total 118784K, used 30781K [0x000000008cc00000, 0x0000000100000000)
  region size 1024K, 25 young (25600K), 2 survivors (2048K)
 Metaspace       used 9404K, committed 9600K, reserved 1114112K
  class space    used 832K, committed 896K, reserved 1048576K
}
Event: 3.028 GC heap after
{Heap after GC invocations=3 (full 0):
 garbage-first heap   total 118784K, used 12071K [0x000000008cc00000, 0x0000000100000000)
  region size 1024K, 4 young (4096K), 4 survivors (4096K)
 Metaspace       used 9404K, committed 9600K, reserved 1114112K
  class space    used 832K, committed 896K, reserved 1048576K
}
Event: 5.218 GC heap before
{Heap before GC invocations=3 (full 0):
 garbage-first heap   total 118784K, used 69415K [0x000000008cc00000, 0x0000000100000000)
  region size 1024K, 60 young (61440K), 4 survivors (4096K)
 Metaspace       used 13133K, committed 13248K, reserved 1114112K
  class space    used 1189K, committed 1216K, reserved 1048576K
}
Event: 5.246 GC heap after
{Heap after GC invocations=4 (full 0):
 garbage-first heap   total 118784K, used 21504K [0x000000008cc00000, 0x0000000100000000)
  region size 1024K, 8 young (8192K), 8 survivors (8192K)
 Metaspace       used 13133K, committed 13248K, reserved 1114112K
  class space    used 1189K, committed 1216K, reserved 1048576K
}
Event: 6.452 GC heap before
{Heap before GC invocations=4 (full 0):
 garbage-first heap   total 118784K, used 62464K [0x000000008cc00000, 0x0000000100000000)
  region size 1024K, 48 young (49152K), 8 survivors (8192K)
 Metaspace       used 14934K, committed 15104K, reserved 1114112K
  class space    used 1392K, committed 1472K, reserved 1048576K
}
Event: 6.476 GC heap after
{Heap after GC invocations=5 (full 0):
 garbage-first heap   total 118784K, used 24576K [0x000000008cc00000, 0x0000000100000000)
  region size 1024K, 3 young (3072K), 3 survivors (3072K)
 Metaspace       used 14934K, committed 15104K, reserved 1114112K
  class space    used 1392K, committed 1472K, reserved 1048576K
}
Event: 8.985 GC heap before
{Heap before GC invocations=5 (full 0):
 garbage-first heap   total 118784K, used 74752K [0x000000008cc00000, 0x0000000100000000)
  region size 1024K, 52 young (53248K), 3 survivors (3072K)
 Metaspace       used 18716K, committed 18944K, reserved 1114112K
  class space    used 1892K, committed 1984K, reserved 1048576K
}
Event: 9.005 GC heap after
{Heap after GC invocations=6 (full 0):
 garbage-first heap   total 118784K, used 29696K [0x000000008cc00000, 0x0000000100000000)
  region size 1024K, 7 young (7168K), 7 survivors (7168K)
 Metaspace       used 18716K, committed 18944K, reserved 1114112K
  class space    used 1892K, committed 1984K, reserved 1048576K
}
Event: 12.482 GC heap before
{Heap before GC invocations=6 (full 0):
 garbage-first heap   total 118784K, used 52224K [0x000000008cc00000, 0x0000000100000000)
  region size 1024K, 30 young (30720K), 7 survivors (7168K)
 Metaspace       used 21225K, committed 21504K, reserved 1114112K
  class space    used 2242K, committed 2368K, reserved 1048576K
}
Event: 12.502 GC heap after
{Heap after GC invocations=7 (full 0):
 garbage-first heap   total 118784K, used 32768K [0x000000008cc00000, 0x0000000100000000)
  region size 1024K, 3 young (3072K), 3 survivors (3072K)
 Metaspace       used 21225K, committed 21504K, reserved 1114112K
  class space    used 2242K, committed 2368K, reserved 1048576K
}
Event: 18.110 GC heap before
{Heap before GC invocations=8 (full 0):
 garbage-first heap   total 116736K, used 84992K [0x000000008cc00000, 0x0000000100000000)
  region size 1024K, 54 young (55296K), 3 survivors (3072K)
 Metaspace       used 28897K, committed 29312K, reserved 1114112K
  class space    used 3181K, committed 3392K, reserved 1048576K
}
Event: 18.132 GC heap after
{Heap after GC invocations=9 (full 0):
 garbage-first heap   total 116736K, used 38400K [0x000000008cc00000, 0x0000000100000000)
  region size 1024K, 7 young (7168K), 7 survivors (7168K)
 Metaspace       used 28897K, committed 29312K, reserved 1114112K
  class space    used 3181K, committed 3392K, reserved 1048576K
}

