# JRE version: Java(TM) SE Runtime Environment (17.0.11+7) (build 17.0.11+7-LTS-207)
# Java VM: Java HotSpot(TM) 64-Bit Server VM (17.0.11+7-LTS-207, mixed mode, sharing, tiered, compressed oops, compressed class ptrs, g1 gc, windows-amd64)
GC Precious Log:
 CPUs: 4 total, 4 available
 Memory: 7374M
 Large Page Support: Disabled
 NUMA Support: Disabled
 Compressed Oops: Enabled (32-bit)
 Heap Region Size: 1M
 Heap Min Capacity: 8M
 Heap Initial Capacity: 116M
 Heap Max Capacity: 1844M
 Pre-touch: Disabled
 Parallel Workers: 4
 Concurrent Workers: 1
 Concurrent Refinement Workers: 4
 Periodic GC: Disabled
Heap:
 garbage-first heap   total 143360K, used 67434K [0x000000008cc00000, 0x0000000100000000)
  region size 1024K, 30 young (30720K), 7 survivors (7168K)
 Metaspace       used 20823K, committed 21120K, reserved 1114112K
  class space    used 2211K, committed 2304K, reserved 1048576K
GC Heap History (14 events):
Event: 0.909 GC heap before
{Heap before GC invocations=0 (full 0):
 garbage-first heap   total 118784K, used 12288K [0x000000008cc00000, 0x0000000100000000)
  region size 1024K, 13 young (13312K), 0 survivors (0K)
 Metaspace       used 3281K, committed 3456K, reserved 1114112K
  class space    used 294K, committed 384K, reserved 1048576K
}
Event: 0.918 GC heap after
{Heap after GC invocations=1 (full 0):
 garbage-first heap   total 118784K, used 6475K [0x000000008cc00000, 0x0000000100000000)
  region size 1024K, 2 young (2048K), 2 survivors (2048K)
 Metaspace       used 3281K, committed 3456K, reserved 1114112K
  class space    used 294K, committed 384K, reserved 1048576K
}
Event: 1.440 GC heap before
{Heap before GC invocations=1 (full 0):
 garbage-first heap   total 118784K, used 15691K [0x000000008cc00000, 0x0000000100000000)
  region size 1024K, 12 young (12288K), 2 survivors (2048K)
 Metaspace       used 5905K, committed 6016K, reserved 1114112K
  class space    used 542K, committed 576K, reserved 1048576K
}
Event: 1.445 GC heap after
{Heap after GC invocations=2 (full 0):
 garbage-first heap   total 118784K, used 7414K [0x000000008cc00000, 0x0000000100000000)
  region size 1024K, 2 young (2048K), 2 survivors (2048K)
 Metaspace       used 5905K, committed 6016K, reserved 1114112K
  class space    used 542K, committed 576K, reserved 1048576K
}
Event: 2.696 GC heap before
{Heap before GC invocations=2 (full 0):
 garbage-first heap   total 118784K, used 29942K [0x000000008cc00000, 0x0000000100000000)
  region size 1024K, 24 young (24576K), 2 survivors (2048K)
 Metaspace       used 9236K, committed 9344K, reserved 1114112K
  class space    used 825K, committed 896K, reserved 1048576K
}
Event: 2.715 GC heap after
{Heap after GC invocations=3 (full 0):
 garbage-first heap   total 118784K, used 14264K [0x000000008cc00000, 0x0000000100000000)
  region size 1024K, 3 young (3072K), 3 survivors (3072K)
 Metaspace       used 9236K, committed 9344K, reserved 1114112K
  class space    used 825K, committed 896K, reserved 1048576K
}
Event: 4.252 GC heap before
{Heap before GC invocations=3 (full 0):
 garbage-first heap   total 118784K, used 41912K [0x000000008cc00000, 0x0000000100000000)
  region size 1024K, 30 young (30720K), 3 survivors (3072K)
 Metaspace       used 11722K, committed 11904K, reserved 1114112K
  class space    used 1083K, committed 1152K, reserved 1048576K
}
Event: 4.279 GC heap after
{Heap after GC invocations=4 (full 0):
 garbage-first heap   total 118784K, used 23293K [0x000000008cc00000, 0x0000000100000000)
  region size 1024K, 4 young (4096K), 4 survivors (4096K)
 Metaspace       used 11722K, committed 11904K, reserved 1114112K
  class space    used 1083K, committed 1152K, reserved 1048576K
}
Event: 5.367 GC heap before
{Heap before GC invocations=4 (full 0):
 garbage-first heap   total 118784K, used 62205K [0x000000008cc00000, 0x0000000100000000)
  region size 1024K, 42 young (43008K), 4 survivors (4096K)
 Metaspace       used 13578K, committed 13696K, reserved 1114112K
  class space    used 1231K, committed 1280K, reserved 1048576K
}
Event: 5.399 GC heap after
{Heap after GC invocations=5 (full 0):
 garbage-first heap   total 118784K, used 34304K [0x000000008cc00000, 0x0000000100000000)
  region size 1024K, 6 young (6144K), 6 survivors (6144K)
 Metaspace       used 13578K, committed 13696K, reserved 1114112K
  class space    used 1231K, committed 1280K, reserved 1048576K
}
Event: 6.865 GC heap before
{Heap before GC invocations=5 (full 0):
 garbage-first heap   total 118784K, used 68096K [0x000000008cc00000, 0x0000000100000000)
  region size 1024K, 39 young (39936K), 6 survivors (6144K)
 Metaspace       used 14972K, committed 15104K, reserved 1114112K
  class space    used 1399K, committed 1472K, reserved 1048576K
}
Event: 6.894 GC heap after
{Heap after GC invocations=6 (full 0):
 garbage-first heap   total 143360K, used 38912K [0x000000008cc00000, 0x0000000100000000)
  region size 1024K, 4 young (4096K), 4 survivors (4096K)
 Metaspace       used 14972K, committed 15104K, reserved 1114112K
  class space    used 1399K, committed 1472K, reserved 1048576K
}
Event: 9.824 GC heap before
{Heap before GC invocations=6 (full 0):
 garbage-first heap   total 143360K, used 86016K [0x000000008cc00000, 0x0000000100000000)
  region size 1024K, 50 young (51200K), 4 survivors (4096K)
 Metaspace       used 18700K, committed 18944K, reserved 1114112K
  class space    used 1891K, committed 1984K, reserved 1048576K
}
Event: 9.839 GC heap after
{Heap after GC invocations=7 (full 0):
 garbage-first heap   total 143360K, used 44906K [0x000000008cc00000, 0x0000000100000000)
  region size 1024K, 7 young (7168K), 7 survivors (7168K)
 Metaspace       used 18700K, committed 18944K, reserved 1114112K
  class space    used 1891K, committed 1984K, reserved 1048576K
}

